<?xml version="1.0" encoding="UTF-8"?>
<!-- Generated by org.testng.reporters.JUnitXMLReporter -->
<testsuite hostname="LAPTOP-SLPQU167" name="Test" tests="6" failures="0" timestamp="24 Jul 2021 16:27:04 GMT" time="10.236" errors="0">
  <testcase name="isAutomationPracticePageLoaded" time="0.483" classname="RSADataValidationProject.DataValidationDemo.DataValidationTest"/>
  <testcase name="validateCheckBoxOption1Text" time="0.14" classname="RSADataValidationProject.DataValidationDemo.DataValidationTest"/>
  <testcase name="validateHeaderText" time="0.103" classname="RSADataValidationProject.DataValidationDemo.DataValidationTest"/>
  <testcase name="validateOpenWindowButtonText" time="0.208" classname="RSADataValidationProject.DataValidationDemo.DataValidationTest"/>
  <testcase name="validatePromotionText" time="0.185" classname="RSADataValidationProject.DataValidationDemo.DataValidationTest"/>
  <testcase name="validateRadioOption1Text" time="0.1" classname="RSADataValidationProject.DataValidationDemo.DataValidationTest"/>
</testsuite> <!-- Test -->
