<?xml version="1.0" encoding="UTF-8"?>
<testng-results skipped="0" failed="0" total="6" passed="6">
  <reporter-output>
  </reporter-output>
  <suite name="Suite" duration-ms="10236" started-at="2021-07-24T16:26:54Z" finished-at="2021-07-24T16:27:04Z">
    <groups>
    </groups>
    <test name="Test" duration-ms="10236" started-at="2021-07-24T16:26:54Z" finished-at="2021-07-24T16:27:04Z">
      <class name="RSADataValidationProject.DataValidationDemo.DataValidationTest">
        <test-method status="PASS" signature="Setup()[pri:0, instance:RSADataValidationProject.DataValidationDemo.DataValidationTest@3527942a]" name="Setup" is-config="true" duration-ms="8056" started-at="2021-07-24T21:56:54Z" finished-at="2021-07-24T21:57:02Z">
          <reporter-output>
          </reporter-output>
        </test-method> <!-- Setup -->
        <test-method status="PASS" signature="isAutomationPracticePageLoaded()[pri:0, instance:RSADataValidationProject.DataValidationDemo.DataValidationTest@3527942a]" name="isAutomationPracticePageLoaded" duration-ms="483" started-at="2021-07-24T21:57:02Z" finished-at="2021-07-24T21:57:03Z">
          <reporter-output>
          </reporter-output>
        </test-method> <!-- isAutomationPracticePageLoaded -->
        <test-method status="PASS" signature="validateCheckBoxOption1Text()[pri:0, instance:RSADataValidationProject.DataValidationDemo.DataValidationTest@3527942a]" name="validateCheckBoxOption1Text" duration-ms="140" started-at="2021-07-24T21:57:03Z" finished-at="2021-07-24T21:57:03Z">
          <reporter-output>
          </reporter-output>
        </test-method> <!-- validateCheckBoxOption1Text -->
        <test-method status="PASS" signature="validateHeaderText()[pri:0, instance:RSADataValidationProject.DataValidationDemo.DataValidationTest@3527942a]" name="validateHeaderText" duration-ms="103" started-at="2021-07-24T21:57:03Z" finished-at="2021-07-24T21:57:03Z">
          <reporter-output>
          </reporter-output>
        </test-method> <!-- validateHeaderText -->
        <test-method status="PASS" signature="validateOpenWindowButtonText()[pri:0, instance:RSADataValidationProject.DataValidationDemo.DataValidationTest@3527942a]" name="validateOpenWindowButtonText" duration-ms="208" started-at="2021-07-24T21:57:03Z" finished-at="2021-07-24T21:57:03Z">
          <reporter-output>
          </reporter-output>
        </test-method> <!-- validateOpenWindowButtonText -->
        <test-method status="PASS" signature="validatePromotionText()[pri:0, instance:RSADataValidationProject.DataValidationDemo.DataValidationTest@3527942a]" name="validatePromotionText" duration-ms="185" started-at="2021-07-24T21:57:03Z" finished-at="2021-07-24T21:57:03Z">
          <reporter-output>
          </reporter-output>
        </test-method> <!-- validatePromotionText -->
        <test-method status="PASS" signature="validateRadioOption1Text()[pri:0, instance:RSADataValidationProject.DataValidationDemo.DataValidationTest@3527942a]" name="validateRadioOption1Text" duration-ms="100" started-at="2021-07-24T21:57:03Z" finished-at="2021-07-24T21:57:04Z">
          <reporter-output>
          </reporter-output>
        </test-method> <!-- validateRadioOption1Text -->
        <test-method status="PASS" signature="teardown()[pri:0, instance:RSADataValidationProject.DataValidationDemo.DataValidationTest@3527942a]" name="teardown" is-config="true" duration-ms="920" started-at="2021-07-24T21:57:04Z" finished-at="2021-07-24T21:57:04Z">
          <reporter-output>
          </reporter-output>
        </test-method> <!-- teardown -->
      </class> <!-- RSADataValidationProject.DataValidationDemo.DataValidationTest -->
    </test> <!-- Test -->
  </suite> <!-- Suite -->
</testng-results>
